FATA[2025/03/11 09:56:46.522559] node.go:408 user locate event watch failed: dial tcp 127.0.0.1:6379: connectex: No connection could be made because the target machine actively refused it.
FATA[2025/03/11 09:58:34.621674] node.go:408 user locate event watch failed: dial tcp 127.0.0.1:6379: connectex: No connection could be made because the target machine actively refused it.
FATA[2025/03/11 10:00:20.198886] node.go:408 user locate event watch failed: dial tcp 127.0.0.1:6379: connectex: No connection could be made because the target machine actively refused it.
FATA[2025/03/11 10:00:28.520986] node.go:408 user locate event watch failed: dial tcp 127.0.0.1:6379: connectex: No connection could be made because the target machine actively refused it.
FATA[2025/03/11 15:46:09.763121] D:/gotool/pkg/mod/github.com/dobyte/due/component/http/v2@v2.0.0-20250224110200-7cfd0bbf1a7e/swagger/swagger.go:34 ./docs/swagger.json file does not exist
Stack:
1.github.com/dobyte/due/component/http/v2/swagger.New
	D:/gotool/pkg/mod/github.com/dobyte/due/component/http/v2@v2.0.0-20250224110200-7cfd0bbf1a7e/swagger/swagger.go:34
2.github.com/dobyte/due/component/http/v2.NewServer
	D:/gotool/pkg/mod/github.com/dobyte/due/component/http/v2@v2.0.0-20250224110200-7cfd0bbf1a7e/server.go:53
3.due-learn/server/login.Init
	D:/code/due-learn/server/login/login.go:27
4.main.main
	D:/code/due-learn/main.go:19
5.runtime.main
	D:/go/src/runtime/proc.go:272
FATA[2025/03/11 15:51:54.055588] D:/gotool/pkg/mod/github.com/dobyte/due/v2@v2.2.5/internal/link/node.go:408 user locate event watch failed: dial tcp 127.0.0.1:6379: connectex: No connection could be made because the target machine actively refused it.
Stack:
1.github.com/dobyte/due/v2/internal/link.(*NodeLinker).WatchUserLocate
	D:/gotool/pkg/mod/github.com/dobyte/due/v2@v2.2.5/internal/link/node.go:408
2.github.com/dobyte/due/v2/cluster/gate.(*proxy).watch
	D:/gotool/pkg/mod/github.com/dobyte/due/v2@v2.2.5/cluster/gate/proxy.go:98
3.github.com/dobyte/due/v2/cluster/gate.(*Gate).Start
	D:/gotool/pkg/mod/github.com/dobyte/due/v2@v2.2.5/cluster/gate/gate.go:92
4.github.com/dobyte/due/v2.(*Container).doStartComponents
	D:/gotool/pkg/mod/github.com/dobyte/due/v2@v2.2.5/container.go:70
5.github.com/dobyte/due/v2.(*Container).Serve
	D:/gotool/pkg/mod/github.com/dobyte/due/v2@v2.2.5/container.go:49
6.due-learn/server/gate.Init
	D:/code/due-learn/server/gate/gate.go:33
7.main.main
	D:/code/due-learn/main.go:17
8.runtime.main
	D:/go/src/runtime/proc.go:272
FATA[2025/03/11 15:52:18.700399] D:/gotool/pkg/mod/github.com/dobyte/due/v2@v2.2.5/internal/link/node.go:408 user locate event watch failed: dial tcp 127.0.0.1:6379: connectex: No connection could be made because the target machine actively refused it.
Stack:
1.github.com/dobyte/due/v2/internal/link.(*NodeLinker).WatchUserLocate
	D:/gotool/pkg/mod/github.com/dobyte/due/v2@v2.2.5/internal/link/node.go:408
2.github.com/dobyte/due/v2/cluster/gate.(*proxy).watch
	D:/gotool/pkg/mod/github.com/dobyte/due/v2@v2.2.5/cluster/gate/proxy.go:98
3.github.com/dobyte/due/v2/cluster/gate.(*Gate).Start
	D:/gotool/pkg/mod/github.com/dobyte/due/v2@v2.2.5/cluster/gate/gate.go:92
4.github.com/dobyte/due/v2.(*Container).doStartComponents
	D:/gotool/pkg/mod/github.com/dobyte/due/v2@v2.2.5/container.go:70
5.github.com/dobyte/due/v2.(*Container).Serve
	D:/gotool/pkg/mod/github.com/dobyte/due/v2@v2.2.5/container.go:49
6.due-learn/server/gate.Init
	D:/code/due-learn/server/gate/gate.go:33
7.main.main
	D:/code/due-learn/main.go:17
8.runtime.main
	D:/go/src/runtime/proc.go:272
FATA[2025/03/11 15:53:45.667915] D:/gotool/pkg/mod/github.com/dobyte/due/v2@v2.2.5/internal/link/node.go:408 user locate event watch failed: dial tcp 127.0.0.1:6379: connectex: No connection could be made because the target machine actively refused it.
Stack:
1.github.com/dobyte/due/v2/internal/link.(*NodeLinker).WatchUserLocate
	D:/gotool/pkg/mod/github.com/dobyte/due/v2@v2.2.5/internal/link/node.go:408
2.github.com/dobyte/due/v2/cluster/gate.(*proxy).watch
	D:/gotool/pkg/mod/github.com/dobyte/due/v2@v2.2.5/cluster/gate/proxy.go:98
3.github.com/dobyte/due/v2/cluster/gate.(*Gate).Start
	D:/gotool/pkg/mod/github.com/dobyte/due/v2@v2.2.5/cluster/gate/gate.go:92
4.github.com/dobyte/due/v2.(*Container).doStartComponents
	D:/gotool/pkg/mod/github.com/dobyte/due/v2@v2.2.5/container.go:70
5.github.com/dobyte/due/v2.(*Container).Serve
	D:/gotool/pkg/mod/github.com/dobyte/due/v2@v2.2.5/container.go:49
6.due-learn/server/gate.Init
	D:/code/due-learn/server/gate/gate.go:33
7.main.main
	D:/code/due-learn/main.go:17
8.runtime.main
	D:/go/src/runtime/proc.go:272
FATA[2025/03/11 15:55:31.473520] D:/gotool/pkg/mod/github.com/dobyte/due/v2@v2.2.5/internal/link/node.go:408 user locate event watch failed: dial tcp 127.0.0.1:6379: connectex: No connection could be made because the target machine actively refused it.
Stack:
1.github.com/dobyte/due/v2/internal/link.(*NodeLinker).WatchUserLocate
	D:/gotool/pkg/mod/github.com/dobyte/due/v2@v2.2.5/internal/link/node.go:408
2.github.com/dobyte/due/v2/cluster/gate.(*proxy).watch
	D:/gotool/pkg/mod/github.com/dobyte/due/v2@v2.2.5/cluster/gate/proxy.go:98
3.github.com/dobyte/due/v2/cluster/gate.(*Gate).Start
	D:/gotool/pkg/mod/github.com/dobyte/due/v2@v2.2.5/cluster/gate/gate.go:92
4.github.com/dobyte/due/v2.(*Container).doStartComponents
	D:/gotool/pkg/mod/github.com/dobyte/due/v2@v2.2.5/container.go:70
5.github.com/dobyte/due/v2.(*Container).Serve
	D:/gotool/pkg/mod/github.com/dobyte/due/v2@v2.2.5/container.go:49
6.due-learn/server/gate.Init
	D:/code/due-learn/server/gate/gate.go:33
7.main.main
	D:/code/due-learn/main.go:17
8.runtime.main
	D:/go/src/runtime/proc.go:272
FATA[2025/03/11 16:03:23.302378] D:/gotool/pkg/mod/github.com/dobyte/due/v2@v2.2.5/internal/link/node.go:408 user locate event watch failed: dial tcp 127.0.0.1:6379: connectex: No connection could be made because the target machine actively refused it.
Stack:
1.github.com/dobyte/due/v2/internal/link.(*NodeLinker).WatchUserLocate
	D:/gotool/pkg/mod/github.com/dobyte/due/v2@v2.2.5/internal/link/node.go:408
2.github.com/dobyte/due/v2/cluster/gate.(*proxy).watch
	D:/gotool/pkg/mod/github.com/dobyte/due/v2@v2.2.5/cluster/gate/proxy.go:98
3.github.com/dobyte/due/v2/cluster/gate.(*Gate).Start
	D:/gotool/pkg/mod/github.com/dobyte/due/v2@v2.2.5/cluster/gate/gate.go:92
4.github.com/dobyte/due/v2.(*Container).doStartComponents
	D:/gotool/pkg/mod/github.com/dobyte/due/v2@v2.2.5/container.go:70
5.github.com/dobyte/due/v2.(*Container).Serve
	D:/gotool/pkg/mod/github.com/dobyte/due/v2@v2.2.5/container.go:49
6.due-learn/server/gate.Init
	D:/code/due-learn/server/gate/gate.go:33
7.main.main
	D:/code/due-learn/main.go:17
8.runtime.main
	D:/go/src/runtime/proc.go:272
FATA[2025/03/11 16:06:59.926620] D:/gotool/pkg/mod/github.com/dobyte/due/v2@v2.2.5/internal/link/node.go:408 user locate event watch failed: dial tcp 127.0.0.1:6379: connectex: No connection could be made because the target machine actively refused it.
Stack:
1.github.com/dobyte/due/v2/internal/link.(*NodeLinker).WatchUserLocate
	D:/gotool/pkg/mod/github.com/dobyte/due/v2@v2.2.5/internal/link/node.go:408
2.github.com/dobyte/due/v2/cluster/gate.(*proxy).watch
	D:/gotool/pkg/mod/github.com/dobyte/due/v2@v2.2.5/cluster/gate/proxy.go:98
3.github.com/dobyte/due/v2/cluster/gate.(*Gate).Start
	D:/gotool/pkg/mod/github.com/dobyte/due/v2@v2.2.5/cluster/gate/gate.go:92
4.github.com/dobyte/due/v2.(*Container).doStartComponents
	D:/gotool/pkg/mod/github.com/dobyte/due/v2@v2.2.5/container.go:70
5.github.com/dobyte/due/v2.(*Container).Serve
	D:/gotool/pkg/mod/github.com/dobyte/due/v2@v2.2.5/container.go:49
6.due-learn/server/gate.Init
	D:/code/due-learn/server/gate/gate.go:33
7.main.main
	D:/code/due-learn/main.go:17
8.runtime.main
	D:/go/src/runtime/proc.go:272
FATA[2025/03/11 16:09:08.425913] D:/gotool/pkg/mod/github.com/dobyte/due/v2@v2.2.5/internal/link/node.go:408 user locate event watch failed: dial tcp 127.0.0.1:6379: connectex: No connection could be made because the target machine actively refused it.
Stack:
1.github.com/dobyte/due/v2/internal/link.(*NodeLinker).WatchUserLocate
	D:/gotool/pkg/mod/github.com/dobyte/due/v2@v2.2.5/internal/link/node.go:408
2.github.com/dobyte/due/v2/cluster/gate.(*proxy).watch
	D:/gotool/pkg/mod/github.com/dobyte/due/v2@v2.2.5/cluster/gate/proxy.go:98
3.github.com/dobyte/due/v2/cluster/gate.(*Gate).Start
	D:/gotool/pkg/mod/github.com/dobyte/due/v2@v2.2.5/cluster/gate/gate.go:92
4.github.com/dobyte/due/v2.(*Container).doStartComponents
	D:/gotool/pkg/mod/github.com/dobyte/due/v2@v2.2.5/container.go:70
5.github.com/dobyte/due/v2.(*Container).Serve
	D:/gotool/pkg/mod/github.com/dobyte/due/v2@v2.2.5/container.go:49
6.due-learn/server/gate.Init
	D:/code/due-learn/server/gate/gate.go:33
7.main.main
	D:/code/due-learn/main.go:17
8.runtime.main
	D:/go/src/runtime/proc.go:272
